C51 COMPILER V9.60.7.0   SQUARE                                                            03/26/2023 23:39:21 PAGE 1   


C51 COMPILER V9.60.7.0, COMPILATION OF MODULE SQUARE
OBJECT MODULE PLACED IN .\Objects\square.obj
COMPILER INVOKED BY: C:\Keil_v5\C51\BIN\C51.EXE square.c OPTIMIZE(8,SPEED) BROWSE DEBUG OBJECTEXTEND PRINT(.\Listings\sq
                    -uare.lst) TABS(2) OBJECT(.\Objects\square.obj)

line level    source

   1          #include<reg51.h>
   2          sbit wave = P1^0;
   3          void delay()
   4          {
   5   1         unsigned int i;
   6   1        TMOD=0x10;
   7   1        for(i=0;i<14;i++)
   8   1        {
   9   2          TH1=0x00;
  10   2          TL1=0x00;
  11   2          TR1=1;
  12   2          while(TF1==0);
  13   2          TF1=0;
  14   2        }
  15   1      }
  16          void main()
  17          {
  18   1        wave=0;
  19   1        while(1)
  20   1        {
  21   2        wave =1;
  22   2        delay();
  23   2        wave = 0;
  24   2        delay();
  25   2        }
  26   1      }


MODULE INFORMATION:   STATIC OVERLAYABLE
   CODE SIZE        =     44    ----
   CONSTANT SIZE    =   ----    ----
   XDATA SIZE       =   ----    ----
   PDATA SIZE       =   ----    ----
   DATA SIZE        =   ----    ----
   IDATA SIZE       =   ----    ----
   BIT SIZE         =   ----    ----
END OF MODULE INFORMATION.


C51 COMPILATION COMPLETE.  0 WARNING(S),  0 ERROR(S)
