C51 COMPILER V9.60.7.0   TRAFFIC1                                                          03/26/2023 20:52:58 PAGE 1   


C51 COMPILER V9.60.7.0, COMPILATION OF MODULE TRAFFIC1
OBJECT MODULE PLACED IN traffic1.OBJ
COMPILER INVOKED BY: C:\Keil_v5\C51\BIN\C51.EXE traffic1.c OPTIMIZE(8,SPEED) DEBUG OBJECTEXTEND PRINT(.\Listings\traffic
                    -1.lst) TABS(2)

line level    source

   1          #include<reg51.h>
   2          sbit led1=P1^0;
   3          sbit led2=P1^1;
   4          sbit led3=P1^2;
   5          void delay()
   6          {
   7   1        int i,j;
   8   1        for(i=0;i<1000;i++)
   9   1        for(j=0;j<10;j++);
  10   1      }
  11          void main()
  12          {
  13   1        led1=1;
  14   1        led2=0;
  15   1        led3=0;
  16   1        delay();
  17   1        led2=1;
  18   1        led1=0;
  19   1        led3=0;
  20   1        delay();
  21   1        led3=1;
  22   1        led1=0;
  23   1        led2=0;
  24   1        delay();
  25   1      }


MODULE INFORMATION:   STATIC OVERLAYABLE
   CODE SIZE        =     56    ----
   CONSTANT SIZE    =   ----    ----
   XDATA SIZE       =   ----    ----
   PDATA SIZE       =   ----    ----
   DATA SIZE        =   ----    ----
   IDATA SIZE       =   ----    ----
   BIT SIZE         =   ----    ----
END OF MODULE INFORMATION.


C51 COMPILATION COMPLETE.  0 WARNING(S),  0 ERROR(S)
